[0m15:55:49.225744 [debug] [MainThread]: Sending event: {'category': 'dbt', 'action': 'invocation', 'label': 'start', 'context': [<snowplow_tracker.self_describing_json.SelfDescribingJson object at 0x000002AC5EE70CB0>, <snowplow_tracker.self_describing_json.SelfDescribingJson object at 0x000002AC5BA013A0>, <snowplow_tracker.self_describing_json.SelfDescribingJson object at 0x000002AC5E30F050>]}


============================== 15:55:49.230744 | e640cdf6-d74f-4978-96f6-40576eb51a15 ==============================
[0m15:55:49.230744 [info ] [MainThread]: Running with dbt=1.9.4
[0m15:55:49.230744 [debug] [MainThread]: running dbt with arguments {'printer_width': '80', 'indirect_selection': 'eager', 'write_json': 'True', 'log_cache_events': 'False', 'partial_parse': 'True', 'cache_selected_only': 'False', 'profiles_dir': 'C:\\Users\\User\\.dbt', 'fail_fast': 'False', 'version_check': 'True', 'log_path': 'logs', 'debug': 'False', 'warn_error': 'None', 'use_colors': 'True', 'use_experimental_parser': 'False', 'no_print': 'None', 'quiet': 'False', 'empty': 'None', 'warn_error_options': 'WarnErrorOptions(include=[], exclude=[])', 'static_parser': 'True', 'introspect': 'True', 'invocation_command': 'dbt init dbt_cotacoes_moedas', 'target_path': 'None', 'log_format': 'default', 'send_anonymous_usage_stats': 'True'}
[0m15:55:49.247719 [warn ] [MainThread]: [ConfigFolderDirectory]: Unable to parse logging event dictionary. Failed to parse dir field: expected string or bytes-like object, got 'WindowsPath'.. Dictionary: {'dir': WindowsPath('C:/Users/User/.dbt')}
[0m15:55:49.247719 [info ] [MainThread]: Creating dbt configuration folder at 
[0m15:55:49.251253 [debug] [MainThread]: Starter project path: C:\muno_environment\projects\cotacao-moedas-dbt-project\.venv\Lib\site-packages\dbt\include\starter_project
[0m15:55:49.274554 [info ] [MainThread]: 
Your new dbt project "dbt_cotacoes_moedas" was created!

For more information on how to configure the profiles.yml file,
please consult the dbt documentation here:

  https://docs.getdbt.com/docs/configure-your-profile

One more thing:

Need help? Don't hesitate to reach out to us via GitHub issues or on Slack:

  https://community.getdbt.com/

Happy modeling!

[0m15:55:49.275560 [info ] [MainThread]: Setting up your profile.
[0m15:56:47.397344 [info ] [MainThread]: Profile dbt_cotacoes_moedas written to C:\Users\User\.dbt\profiles.yml using target's profile_template.yml and your supplied values. Run 'dbt debug' to validate the connection.
[0m15:56:47.401372 [debug] [MainThread]: Command `dbt init` succeeded at 15:56:47.401372 after 58.27 seconds
[0m15:56:47.401372 [debug] [MainThread]: Sending event: {'category': 'dbt', 'action': 'invocation', 'label': 'end', 'context': [<snowplow_tracker.self_describing_json.SelfDescribingJson object at 0x000002AC5E30F050>, <snowplow_tracker.self_describing_json.SelfDescribingJson object at 0x000002AC5EF10B00>, <snowplow_tracker.self_describing_json.SelfDescribingJson object at 0x000002AC5F2AFCB0>]}
[0m15:56:47.401372 [debug] [MainThread]: Flushing usage events
[0m15:56:48.040808 [debug] [MainThread]: An error was encountered while trying to flush usage events
